\BOOKMARK [1][-]{section.1}{\376\377\000I\000n\000t\000r\000o\000d\000u\000c\000c\000i\000\363\000n}{}% 1
\BOOKMARK [1][-]{section.2}{\376\377\000O\000b\000j\000e\000t\000i\000v\000o\000s}{}% 2
\BOOKMARK [1][-]{section.3}{\376\377\000M\000o\000t\000i\000v\000a\000c\000i\000\363\000n\000\040\000y\000\040\000p\000l\000a\000n\000i\000f\000i\000c\000a\000c\000i\000\363\000n}{}% 3
\BOOKMARK [2][-]{subsection.3.1}{\376\377\000M\000o\000t\000i\000v\000o\000\040\000d\000e\000\040\000d\000e\000s\000a\000r\000r\000o\000l\000l\000o\000\040\000d\000e\000l\000\040\000s\000i\000s\000t\000e\000m\000a}{section.3}% 4
\BOOKMARK [2][-]{subsection.3.2}{\376\377\000T\000e\000c\000n\000o\000l\000o\000g\000\355\000a\000s\000\040\000a\000\040\000u\000t\000i\000l\000i\000z\000a\000r}{section.3}% 5
\BOOKMARK [2][-]{subsection.3.3}{\376\377\000R\000e\000q\000u\000e\000r\000i\000m\000i\000e\000n\000t\000o\000s}{section.3}% 6
\BOOKMARK [2][-]{subsection.3.4}{\376\377\000P\000l\000a\000n\000i\000f\000i\000c\000a\000c\000i\000\363\000n}{section.3}% 7
\BOOKMARK [1][-]{section.4}{\376\377\000M\000a\000r\000c\000o\000\040\000t\000e\000\363\000r\000i\000c\000o}{}% 8
\BOOKMARK [2][-]{subsection.4.1}{\376\377\000P\000o\000s\000t\000g\000r\000e\000S\000Q\000L}{section.4}% 9
\BOOKMARK [2][-]{subsection.4.2}{\376\377\000P\000y\000t\000h\000o\000n\000\040\000+\000\040\000S\000Q\000L\000A\000l\000c\000h\000e\000m\000y}{section.4}% 10
\BOOKMARK [2][-]{subsection.4.3}{\376\377\000A\000l\000e\000m\000b\000i\000c}{section.4}% 11
\BOOKMARK [2][-]{subsection.4.4}{\376\377\000L\000i\000t\000e\000s\000t\000a\000r}{section.4}% 12
\BOOKMARK [2][-]{subsection.4.5}{\376\377\000V\000u\000e\0003\000\040\000+\000\040\000T\000y\000p\000e\000S\000c\000r\000i\000p\000t}{section.4}% 13
\BOOKMARK [2][-]{subsection.4.6}{\376\377\000P\000r\000i\000m\000e\000V\000u\000e\000\040\000+\000\040\000V\000i\000t\000e\000\040\000+\000\040\000P\000i\000n\000i\000a\000\040\000+\000\040\000T\000a\000i\000l\000w\000i\000n\000d\000C\000S\000S}{section.4}% 14
\BOOKMARK [2][-]{subsection.4.7}{\376\377\000G\000e\000s\000t\000i\000\363\000n\000\040\000d\000e\000\040\000e\000n\000t\000o\000r\000n\000o\000:\000\040\000U\000V\000\040\000+\000\040\000B\000u\000n}{section.4}% 15
\BOOKMARK [2][-]{subsection.4.8}{\376\377\000G\000i\000t\000\040\000+\000\040\000G\000i\000t\000h\000u\000b}{section.4}% 16
\BOOKMARK [2][-]{subsection.4.9}{\376\377\000D\000o\000c\000k\000e\000r\000\040\000C\000o\000m\000p\000o\000s\000e}{section.4}% 17
\BOOKMARK [1][-]{section.5}{\376\377\000D\000i\000s\000e\000\361\000o\000\040\000d\000e\000l\000\040\000m\000o\000d\000e\000l\000o\000\040\000d\000e\000\040\000b\000a\000s\000e\000\040\000d\000e\000\040\000d\000a\000t\000o\000s}{}% 18
\BOOKMARK [2][-]{subsection.5.1}{\376\377\000G\000r\000a\000n\000d\000e\000s\000\040\000g\000r\000u\000p\000o\000s\000\040\000f\000u\000n\000c\000i\000o\000n\000a\000l\000e\000s}{section.5}% 19
\BOOKMARK [2][-]{subsection.5.2}{\376\377\000D\000i\000v\000i\000s\000i\000\363\000n\000\040\000e\000n\000\040\000t\000a\000b\000l\000a\000s\000\040\000m\000o\000d\000u\000l\000a\000r\000e\000s}{section.5}% 20
\BOOKMARK [3][-]{subsubsection.5.2.1}{\376\377\000M\000\363\000d\000u\000l\000o\000\040\000d\000e\000\040\000U\000s\000u\000a\000r\000i\000o\000s}{subsection.5.2}% 21
\BOOKMARK [3][-]{subsubsection.5.2.2}{\376\377\000M\000\363\000d\000u\000l\000o\000\040\000d\000e\000\040\000A\000u\000t\000e\000n\000t\000i\000c\000a\000c\000i\000\363\000n}{subsection.5.2}% 22
\BOOKMARK [3][-]{subsubsection.5.2.3}{\376\377\000M\000\363\000d\000u\000l\000o\000\040\000d\000e\000\040\000C\000a\000t\000\341\000l\000o\000g\000o}{subsection.5.2}% 23
\BOOKMARK [3][-]{subsubsection.5.2.4}{\376\377\000M\000\363\000d\000u\000l\000o\000\040\000d\000e\000\040\000P\000r\000o\000d\000u\000c\000t\000o\000s}{subsection.5.2}% 24
\BOOKMARK [3][-]{subsubsection.5.2.5}{\376\377\000M\000\363\000d\000u\000l\000o\000\040\000d\000e\000\040\000D\000i\000s\000p\000o\000s\000i\000t\000i\000v\000o\000s}{subsection.5.2}% 25
\BOOKMARK [3][-]{subsubsection.5.2.6}{\376\377\000M\000\363\000d\000u\000l\000o\000\040\000d\000e\000\040\000P\000r\000e\000s\000t\000a\000m\000o\000s}{subsection.5.2}% 26
\BOOKMARK [2][-]{subsection.5.3}{\376\377\000M\000o\000d\000e\000l\000o\000\040\000d\000e\000\040\000b\000a\000s\000e\000\040\000d\000e\000\040\000d\000a\000t\000o\000s}{section.5}% 27
\BOOKMARK [3][-]{subsubsection.5.3.1}{\376\377\000D\000i\000a\000g\000r\000a\000m\000a\000\040\000E\000n\000t\000i\000d\000a\000d\000\040\000R\000e\000l\000a\000c\000i\000\363\000n}{subsection.5.3}% 28
\BOOKMARK [1][-]{section.6}{\376\377\000A\000r\000q\000u\000i\000t\000e\000c\000t\000u\000r\000a\000\040\000d\000e\000l\000\040\000s\000i\000s\000t\000e\000m\000a}{}% 29
\BOOKMARK [2][-]{subsection.6.1}{\376\377\000A\000r\000q\000u\000i\000t\000e\000c\000t\000u\000r\000a\000\040\000d\000e\000l\000\040\000b\000a\000c\000k\000e\000n\000d}{section.6}% 30
\BOOKMARK [2][-]{subsection.6.2}{\376\377\000A\000r\000q\000u\000i\000t\000e\000c\000t\000u\000r\000a\000\040\000d\000e\000l\000\040\000f\000r\000o\000n\000t\000e\000n\000d}{section.6}% 31
\BOOKMARK [2][-]{subsection.6.3}{\376\377\000F\000l\000u\000j\000o\000\040\000d\000e\000\040\000c\000o\000n\000s\000u\000m\000o\000\040\000d\000e\000\040\000l\000a\000\040\000A\000P\000I}{section.6}% 32
\BOOKMARK [1][-]{section.7}{\376\377\000I\000m\000p\000l\000e\000m\000e\000n\000t\000a\000c\000i\000\363\000n\000\040\000d\000e\000\040\000b\000a\000s\000e\000\040\000d\000e\000\040\000d\000a\000t\000o\000s\000\040\000y\000\040\000b\000a\000c\000k\000e\000n\000d\000\040\000d\000e\000l\000\040\000s\000i\000s\000t\000e\000m\000a}{}% 33
\BOOKMARK [2][-]{subsection.7.1}{\376\377\000U\000s\000o\000\040\000d\000e\000\040\000A\000l\000e\000m\000b\000i\000c\000\040\000a\000\040\000l\000o\000\040\000l\000a\000r\000g\000o\000\040\000d\000e\000l\000\040\000d\000e\000s\000a\000r\000r\000o\000l\000l\000o}{section.7}% 34
\BOOKMARK [2][-]{subsection.7.2}{\376\377\000M\000\363\000d\000u\000l\000o\000\040\000d\000e\000\040\000U\000s\000u\000a\000r\000i\000o\000s}{section.7}% 35
\BOOKMARK [2][-]{subsection.7.3}{\376\377\000M\000\363\000d\000u\000l\000o\000\040\000d\000e\000\040\000A\000u\000t\000e\000n\000t\000i\000c\000a\000c\000i\000\363\000n}{section.7}% 36
\BOOKMARK [2][-]{subsection.7.4}{\376\377\000M\000\363\000d\000u\000l\000o\000\040\000d\000e\000\040\000C\000a\000t\000\341\000l\000o\000g\000o}{section.7}% 37
\BOOKMARK [2][-]{subsection.7.5}{\376\377\000M\000\363\000d\000u\000l\000o\000\040\000d\000e\000\040\000P\000r\000o\000d\000u\000c\000t\000o\000s}{section.7}% 38
\BOOKMARK [2][-]{subsection.7.6}{\376\377\000M\000\363\000d\000u\000l\000o\000\040\000d\000e\000\040\000D\000i\000s\000p\000o\000s\000i\000t\000i\000v\000o\000s}{section.7}% 39
\BOOKMARK [2][-]{subsection.7.7}{\376\377\000M\000\363\000d\000u\000l\000o\000\040\000d\000e\000\040\000P\000r\000\351\000s\000t\000a\000m\000o\000s}{section.7}% 40
\BOOKMARK [1][-]{section.8}{\376\377\000I\000m\000p\000l\000e\000m\000e\000n\000t\000a\000c\000i\000\363\000n\000\040\000d\000e\000l\000\040\000f\000r\000o\000n\000t\000e\000n\000d\000\040\000d\000e\000l\000\040\000s\000i\000s\000t\000e\000m\000a}{}% 41
\BOOKMARK [2][-]{subsection.8.1}{\376\377\000F\000a\000s\000e\000\040\0001\000:\000\040\000M\000\363\000d\000u\000l\000o\000\040\000d\000e\000\040\000U\000s\000u\000a\000r\000i\000o\000s\000\040\000y\000\040\000A\000u\000t\000e\000n\000t\000i\000c\000a\000c\000i\000\363\000n}{section.8}% 42
\BOOKMARK [2][-]{subsection.8.2}{\376\377\000F\000a\000s\000e\000\040\0002\000:\000\040\000M\000\363\000d\000u\000l\000o\000\040\000d\000e\000\040\000C\000a\000t\000\341\000l\000o\000g\000o}{section.8}% 43
\BOOKMARK [2][-]{subsection.8.3}{\376\377\000F\000a\000s\000e\000\040\0003\000:\000\040\000M\000\363\000d\000u\000l\000o\000\040\000d\000e\000\040\000P\000r\000o\000d\000u\000c\000t\000o\000s}{section.8}% 44
\BOOKMARK [2][-]{subsection.8.4}{\376\377\000F\000a\000s\000e\000\040\0004\000:\000\040\000M\000\363\000d\000u\000l\000o\000\040\000d\000e\000\040\000D\000i\000s\000p\000o\000s\000i\000t\000i\000v\000o\000s}{section.8}% 45
\BOOKMARK [2][-]{subsection.8.5}{\376\377\000F\000a\000s\000e\000\040\0005\000:\000\040\000M\000\363\000d\000u\000l\000o\000\040\000d\000e\000\040\000P\000r\000\351\000s\000t\000a\000m\000o\000s}{section.8}% 46
\BOOKMARK [2][-]{subsection.8.6}{\376\377\000F\000a\000s\000e\000\040\0006\000:\000\040\000U\000X\000,\000\040\000U\000I}{section.8}% 47
\BOOKMARK [1][-]{section.9}{\376\377\000E\000n\000t\000o\000r\000n\000o\000\040\000d\000e\000\040\000e\000j\000e\000c\000u\000c\000i\000\363\000n}{}% 48
\BOOKMARK [2][-]{subsection.9.1}{\376\377\000C\000o\000n\000t\000e\000n\000e\000d\000o\000r\000i\000z\000a\000c\000i\000\363\000n\000\040\000c\000o\000n\000\040\000D\000o\000c\000k\000e\000r}{section.9}% 49
\BOOKMARK [1][-]{section.10}{\376\377\000T\000r\000a\000b\000a\000j\000o\000\040\000f\000u\000t\000u\000r\000o}{}% 50
\BOOKMARK [2][-]{subsection.10.1}{\376\377\000M\000e\000j\000o\000r\000a\000s\000\040\000a\000l\000\040\000p\000r\000o\000y\000e\000c\000t\000o\000\040\000a\000c\000t\000u\000a\000l}{section.10}% 51
\BOOKMARK [2][-]{subsection.10.2}{\376\377\000N\000u\000e\000v\000o\000s\000\040\000m\000\363\000d\000u\000l\000o\000s\000\040\000p\000r\000o\000p\000u\000e\000s\000t\000o\000s}{section.10}% 52
\BOOKMARK [3][-]{subsubsection.10.2.1}{\376\377\000P\000r\000\351\000s\000t\000a\000m\000o\000\040\000d\000e\000\040\000I\000n\000v\000e\000n\000t\000a\000r\000i\000o\000\040\000\050\000c\000o\000n\000t\000i\000n\000u\000a\000c\000i\000\363\000n\000\051}{subsection.10.2}% 53
\BOOKMARK [3][-]{subsubsection.10.2.2}{\376\377\000A\000d\000m\000i\000n\000i\000s\000t\000r\000a\000c\000i\000\363\000n\000\040\000d\000e\000\040\000I\000n\000v\000e\000n\000t\000a\000r\000i\000o}{subsection.10.2}% 54
\BOOKMARK [3][-]{subsubsection.10.2.3}{\376\377\000G\000e\000s\000t\000i\000\363\000n\000\040\000d\000e\000\040\000D\000H\000C\000P}{subsection.10.2}% 55
\BOOKMARK [3][-]{subsubsection.10.2.4}{\376\377\000A\000d\000m\000i\000n\000i\000s\000t\000r\000a\000c\000i\000\363\000n\000\040\000d\000e\000\040\000S\000a\000l\000a\000s}{subsection.10.2}% 56
\BOOKMARK [2][-]{subsection.10.3}{\376\377\000R\000e\000s\000u\000m\000e\000n\000\040\000y\000\040\000r\000e\000c\000o\000m\000e\000n\000d\000a\000c\000i\000o\000n\000e\000s}{section.10}% 57
\BOOKMARK [1][-]{section.11}{\376\377\000C\000o\000n\000c\000l\000u\000s\000i\000\363\000n}{}% 58
\BOOKMARK [1][-]{section.11}{\376\377\000B\000i\000b\000l\000i\000o\000g\000r\000a\000f\000\355\000a}{}% 59
\BOOKMARK [1][-]{appendix.Alph1}{\376\377\000E\000v\000i\000d\000e\000n\000c\000i\000a\000s\000\040\000d\000e\000\040\000l\000a\000\040\000i\000m\000p\000l\000e\000m\000e\000n\000t\000a\000c\000i\000\363\000n}{}% 60
